2021-01-30 10:06:52.504 - INFO - 5552 - azureml.train.automl.run._log_activity:54 - ActivityStarted: GetOutput
2021-01-30 10:06:52.511 - INFO - 5552 - azureml.train.automl.run._log_activity:54 - ActivityStarted: GetOutput
2021-01-30 10:06:52.530 - INFO - 5552 - azureml.train.automl.run._log_activity:54 - ActivityStarted: GetChildren
2021-01-30 10:06:52.669 - INFO - 5552 - azureml.train.automl.run._log_activity:92 - ActivityCompleted: Activity=GetChildren, HowEnded=Success, Duration=138.46[ms]
2021-01-30 10:06:52.669 - INFO - 5552 - azureml.train.automl.run._log_activity:92 - ActivityCompleted: Activity=GetOutput, HowEnded=Success, Duration=158.29[ms]
2021-01-30 10:06:52.670 - INFO - 5552 - azureml.train.automl._model_download_utilities._log_activity:54 - ActivityStarted: DownloadModel
2021-01-30 10:06:57.493 - INFO - 5552 - azureml.train.automl._model_download_utilities._log_activity:92 - ActivityCompleted: Activity=DownloadModel, HowEnded=Success, Duration=4823.08[ms]
2021-01-30 10:06:57.494 - INFO - 5552 - azureml.train.automl.run._log_activity:92 - ActivityCompleted: Activity=GetOutput, HowEnded=Success, Duration=4989.76[ms]
2021-01-30 10:10:09.048 - INFO - 5552 - azureml.train.automl.run._log_activity:54 - ActivityStarted: GetOutput
2021-01-30 10:10:09.055 - INFO - 5552 - azureml.train.automl.run._log_activity:54 - ActivityStarted: GetOutput
2021-01-30 10:10:09.068 - INFO - 5552 - azureml.train.automl.run._log_activity:54 - ActivityStarted: GetChildren
2021-01-30 10:10:09.203 - INFO - 5552 - azureml.train.automl.run._log_activity:92 - ActivityCompleted: Activity=GetChildren, HowEnded=Success, Duration=135.03[ms]
2021-01-30 10:10:09.203 - INFO - 5552 - azureml.train.automl.run._log_activity:92 - ActivityCompleted: Activity=GetOutput, HowEnded=Success, Duration=147.48[ms]
2021-01-30 10:10:09.203 - INFO - 5552 - azureml.train.automl._model_download_utilities._log_activity:54 - ActivityStarted: DownloadModel
2021-01-30 10:10:10.629 - INFO - 5552 - azureml.train.automl._model_download_utilities._log_activity:92 - ActivityCompleted: Activity=DownloadModel, HowEnded=Success, Duration=1425.82[ms]
2021-01-30 10:10:10.630 - INFO - 5552 - azureml.train.automl.run._log_activity:92 - ActivityCompleted: Activity=GetOutput, HowEnded=Success, Duration=1581.88[ms]
2021-01-30 10:10:25.346 - INFO - 5552 - azureml.train.automl.run._log_activity:54 - ActivityStarted: RegisterModel
2021-01-30 10:10:25.350 - INFO - 5552 - azureml.train.automl.run._log_activity:54 - ActivityStarted: GetChildren
2021-01-30 10:10:25.625 - INFO - 5552 - azureml.train.automl.run._log_activity:92 - ActivityCompleted: Activity=GetChildren, HowEnded=Success, Duration=274.86[ms]
2021-01-30 10:10:26.507 - INFO - 5552 - azureml.train.automl.run._log_activity:92 - ActivityCompleted: Activity=RegisterModel, HowEnded=Success, Duration=1161.79[ms]
2021-01-30 10:11:06.418 - INFO - 5552 - azureml.automl.runtime.featurizer.transformer.timeseries.timeseries_transformer._logger_wrapper:81 - Starting transform operation of TimeSeriesTransformer.
2021-01-30 10:11:06.703 - INFO - 5552 - azureml.automl.runtime.featurizer.transformer.timeseries.missingdummies_transformer._logger_wrapper:81 - Starting transform operation of MissingDummiesTransformer.
2021-01-30 10:11:06.707 - INFO - 5552 - azureml.automl.runtime.featurizer.transformer.timeseries.missingdummies_transformer._logger_wrapper:81 - MissingDummiesTransformer transform operation complete.
2021-01-30 10:11:06.707 - INFO - 5552 - azureml.automl.runtime.featurizer.transformer.timeseries.time_series_imputer._logger_wrapper:98 - Starting transform operation of TimeSeriesImputer.
2021-01-30 10:11:07.047 - INFO - 5552 - azureml.automl.runtime.featurizer.transformer.timeseries.time_series_imputer._logger_wrapper:98 - TimeSeriesImputer transform operation complete.
2021-01-30 10:11:07.047 - INFO - 5552 - azureml.automl.runtime.featurizer.transformer.timeseries.short_grain_dropper._logger_wrapper:98 - Starting transform operation of ShortGrainDropper.
2021-01-30 10:11:07.090 - INFO - 5552 - azureml.automl.runtime.featurizer.transformer.timeseries.short_grain_dropper._logger_wrapper:98 - ShortGrainDropper transform operation complete.
2021-01-30 10:11:07.090 - INFO - 5552 - azureml.automl.runtime.featurizer.transformer.timeseries.restore_dtypes_transformer._logger_wrapper:81 - Starting transform operation of RestoreDtypesTransformer.
2021-01-30 10:11:07.093 - INFO - 5552 - azureml.automl.runtime.featurizer.transformer.timeseries.restore_dtypes_transformer._logger_wrapper:81 - RestoreDtypesTransformer transform operation complete.
2021-01-30 10:11:07.093 - INFO - 5552 - azureml.automl.runtime.featurizer.transformer.timeseries.grain_index_featurizer._logger_wrapper:98 - Starting transform operation of GrainIndexFeaturizer.
2021-01-30 10:11:07.104 - INFO - 5552 - azureml.automl.runtime.featurizer.transformer.timeseries.grain_index_featurizer._logger_wrapper:98 - GrainIndexFeaturizer transform operation complete.
2021-01-30 10:11:07.104 - INFO - 5552 - azureml.automl.runtime.featurizer.transformer.timeseries.numericalize_transformer._logger_wrapper:81 - Starting transform operation of NumericalizeTransformer.
2021-01-30 10:11:07.119 - INFO - 5552 - azureml.automl.runtime.featurizer.transformer.timeseries.numericalize_transformer._logger_wrapper:81 - NumericalizeTransformer transform operation complete.
2021-01-30 10:11:07.120 - INFO - 5552 - azureml.automl.runtime.featurizer.transformer.timeseries.time_index_featurizer._logger_wrapper:98 - Starting transform operation of TimeIndexFeaturizer.
2021-01-30 10:11:07.273 - INFO - 5552 - azureml.automl.runtime.featurizer.transformer.timeseries.time_index_featurizer._logger_wrapper:98 - TimeIndexFeaturizer transform operation complete.
2021-01-30 10:11:07.273 - INFO - 5552 - azureml.automl.runtime.featurizer.transformer.timeseries.category_binarizer._logger_wrapper:98 - Starting transform operation of CategoryBinarizer.
2021-01-30 10:11:07.274 - INFO - 5552 - azureml.automl.runtime.featurizer.transformer.timeseries.category_binarizer._logger_wrapper:98 - CategoryBinarizer transform operation complete.
2021-01-30 10:11:07.311 - INFO - 5552 - azureml.automl.runtime.featurizer.transformer.timeseries.timeseries_transformer._logger_wrapper:81 - TimeSeriesTransformer transform operation complete.
2021-01-30 10:12:17.479 - INFO - 5552 - azureml.train.automl.run._log_activity:54 - ActivityStarted: GetOutput
2021-01-30 10:12:17.485 - INFO - 5552 - azureml.train.automl.run._log_activity:54 - ActivityStarted: GetOutput
2021-01-30 10:12:17.524 - CRITICAL - 5552 - azureml.train.automl.run.log_traceback:224 - Type: ArgumentInvalid
Class: OnnxConvertException
Message: OnnxConvertException:
	Message: Requested an ONNX compatible model but the run has ONNX compatibility disabled.
	InnerException: None
	ErrorResponse 
{
    "error": {
        "code": "UserError",
        "message": "Requested an ONNX compatible model but the run has ONNX compatibility disabled.",
        "target": "onnx_compatible",
        "inner_error": {
            "code": "BadArgument",
            "inner_error": {
                "code": "ArgumentInvalid"
            }
        }
    }
}
Traceback:
  File "telemetry_activity_logger.py", line 57, in _log_activity
    yield
  File "run.py", line 603, in _get_best_child_run
    OnnxNotEnabled, target="onnx_compatible")

ExceptionTarget: onnx_compatible
2021-01-30 10:12:17.524 - INFO - 5552 - azureml.train.automl.run._log_activity:92 - ActivityCompleted: Activity=GetOutput, HowEnded=Failure, Duration=38.83[ms]
2021-01-30 10:12:17.525 - CRITICAL - 5552 - azureml.train.automl.run.log_traceback:224 - Type: ArgumentInvalid
Class: OnnxConvertException
Message: OnnxConvertException:
	Message: Requested an ONNX compatible model but the run has ONNX compatibility disabled.
	InnerException: None
	ErrorResponse 
{
    "error": {
        "code": "UserError",
        "message": "Requested an ONNX compatible model but the run has ONNX compatibility disabled.",
        "target": "onnx_compatible",
        "inner_error": {
            "code": "BadArgument",
            "inner_error": {
                "code": "ArgumentInvalid"
            }
        }
    }
}
Traceback:
  File "telemetry_activity_logger.py", line 57, in _log_activity
    yield
  File "run.py", line 690, in get_output
    activity_name=automl_shared_constants.TelemetryConstants.GET_OUTPUT
  File "run.py", line 603, in _get_best_child_run
    OnnxNotEnabled, target="onnx_compatible")

ExceptionTarget: onnx_compatible
2021-01-30 10:12:17.525 - INFO - 5552 - azureml.train.automl.run._log_activity:92 - ActivityCompleted: Activity=GetOutput, HowEnded=Failure, Duration=46.28[ms]
